<?xml version="1.0" encoding="UTF-8"?>
<testng-results ignored="0" total="1" passed="1" failed="0" skipped="0">
  <reporter-output>
  </reporter-output>
  <suite started-at="2022-03-14T18:31:26 IST" name="Default suite" finished-at="2022-03-14T18:31:29 IST" duration-ms="3015">
    <groups>
    </groups>
    <test started-at="2022-03-14T18:31:26 IST" name="Default test" finished-at="2022-03-14T18:31:29 IST" duration-ms="3015">
      <class name="responseTypes.DynamicResponse">
        <test-method signature="dynamicResponse()[pri:0, instance:responseTypes.DynamicResponse@1a4013]" started-at="2022-03-14T18:31:26 IST" name="dynamicResponse" finished-at="2022-03-14T18:31:29 IST" duration-ms="2948" status="PASS">
          <reporter-output>
          </reporter-output>
        </test-method> <!-- dynamicResponse -->
      </class> <!-- responseTypes.DynamicResponse -->
    </test> <!-- Default test -->
  </suite> <!-- Default suite -->
</testng-results>
