<?xml version="1.0" encoding="UTF-8"?>
<testng-results ignored="0" total="1" passed="1" failed="0" skipped="0">
  <reporter-output>
  </reporter-output>
  <suite started-at="2021-12-14T15:41:59 IST" name="Default suite" finished-at="2021-12-14T15:42:02 IST" duration-ms="2885">
    <groups>
    </groups>
    <test started-at="2021-12-14T15:41:59 IST" name="Default test" finished-at="2021-12-14T15:42:02 IST" duration-ms="2885">
      <class name="crudWithoutBDD.UpdateTest">
        <test-method signature="updateTest()[pri:0, instance:crudWithoutBDD.UpdateTest@2dde1bff]" started-at="2021-12-14T15:41:59 IST" name="updateTest" finished-at="2021-12-14T15:42:02 IST" duration-ms="2834" status="PASS">
          <reporter-output>
          </reporter-output>
        </test-method> <!-- updateTest -->
      </class> <!-- crudWithoutBDD.UpdateTest -->
    </test> <!-- Default test -->
  </suite> <!-- Default suite -->
</testng-results>
